This is pdfTeX, Version 3.14159265-2.6-1.40.17 (MiKTeX 2.9) (preloaded format=pdflatex 2016.6.26)  6 APR 2017 21:47
entering extended mode
**C:/Users/Aden/Documents/Coding/School/SWEN301/SWEN301Ass1/assignment1.tex
(C:/Users/Aden/Documents/Coding/School/SWEN301/SWEN301Ass1/assignment1.tex
LaTeX2e <2016/03/31>
Babel <3.9r> and hyphenation patterns for 75 language(s) loaded.
(C:/Users/Aden/Documents/Coding/School/SWEN301/SWEN301Ass1\CRPITStyle.cls
Document Class: CRPITStyle 
("C:\Program Files (x86)\MiKTeX 2.9\tex\latex\base\article.cls"
Document Class: article 2014/09/29 v1.4h Standard LaTeX document class
("C:\Program Files (x86)\MiKTeX 2.9\tex\latex\base\size10.clo"
File: size10.clo 2014/09/29 v1.4h Standard LaTeX file (size option)
)
\c@part=\count79
\c@section=\count80
\c@subsection=\count81
\c@subsubsection=\count82
\c@paragraph=\count83
\c@subparagraph=\count84
\c@figure=\count85
\c@table=\count86
\abovecaptionskip=\skip41
\belowcaptionskip=\skip42
\bibindent=\dimen102
)
\@acmtitlebox=\box26
)
(C:/Users/Aden/Documents/Coding/School/SWEN301/SWEN301Ass1\harvard.sty
Package: harvard 

("C:\Program Files (x86)\MiKTeX 2.9\tex\latex\base\ifthen.sty"
Package: ifthen 2014/09/29 v1.1c Standard LaTeX ifthen package (DPC)
))
(C:/Users/Aden/Documents/Coding/School/SWEN301/SWEN301Ass1\assignment1.aux)
\openout1 = `assignment1.aux'.

LaTeX Font Info:    Checking defaults for OML/cmm/m/it on input line 7.
LaTeX Font Info:    ... okay on input line 7.
LaTeX Font Info:    Checking defaults for T1/cmr/m/n on input line 7.
LaTeX Font Info:    ... okay on input line 7.
LaTeX Font Info:    Checking defaults for OT1/cmr/m/n on input line 7.
LaTeX Font Info:    ... okay on input line 7.
LaTeX Font Info:    Checking defaults for OMS/cmsy/m/n on input line 7.
LaTeX Font Info:    ... okay on input line 7.
LaTeX Font Info:    Checking defaults for OMX/cmex/m/n on input line 7.
LaTeX Font Info:    ... okay on input line 7.
LaTeX Font Info:    Checking defaults for U/cmr/m/n on input line 7.
LaTeX Font Info:    ... okay on input line 7.
LaTeX Font Info:    External font `cmex10' loaded for size
(Font)              <10.95> on input line 11.
LaTeX Font Info:    External font `cmex10' loaded for size
(Font)              <8> on input line 11.
LaTeX Font Info:    External font `cmex10' loaded for size
(Font)              <6> on input line 11.

Underfull \hbox (badness 1264) in paragraph at lines 21--32
\OT1/cmr/m/n/10 of soft-ware de-vel-op-ment where it was found to
 []


Underfull \hbox (badness 10000) in paragraph at lines 21--32

 []


Underfull \hbox (badness 1365) in paragraph at lines 21--32
\OT1/cmr/m/n/10 meet-ing time re-quire-ments and spec-i-fi-ca-tions on
 []


Underfull \hbox (badness 10000) in paragraph at lines 21--32

 []


Underfull \hbox (badness 1565) in paragraph at lines 34--56
\OT1/cmr/m/n/10 un-man-age-able projects, and projects that never
 []


Underfull \hbox (badness 10000) in paragraph at lines 34--56

 []


Underfull \hbox (badness 1675) in paragraph at lines 34--56
\OT1/cmr/m/n/10 A so-lu-tion that was pro-posed to the prob-lems
 []


Underfull \hbox (badness 10000) in paragraph at lines 34--56

 []


Underfull \hbox (badness 1924) in paragraph at lines 34--56
\OT1/cmr/m/n/10 Nearly all soft-ware de-vel-op-ment pro-cess mod-els
 []


Underfull \hbox (badness 10000) in paragraph at lines 34--56

 []


Underfull \hbox (badness 2426) in paragraph at lines 34--56
\OT1/cmr/m/n/10 A pro-cess model proves it-self ex-tremely use-ful
 []


Underfull \hbox (badness 1688) in paragraph at lines 34--56
\OT1/cmr/m/n/10 def-i-ni-tion", "Sys-tem de-sign", "Pro-gram de-sign",
 []


Underfull \hbox (badness 1571) in paragraph at lines 34--56
\OT1/cmr/m/n/10 "Writ-ing pro-grams (im-ple-men-ta-tion)", "Test-ing",
 []


Underfull \hbox (badness 10000) in paragraph at lines 34--56

 []


Underfull \hbox (badness 10000) in paragraph at lines 59--105

 []


Underfull \hbox (badness 1331) in paragraph at lines 59--105
\OT1/cmr/m/n/10 The main idea to take away from Royce's pa-
 []


Underfull \hbox (badness 1442) in paragraph at lines 59--105
\OT1/cmr/m/n/10 un-der-stand-ing the prob-lem that the soft-ware is
 []


Underfull \hbox (badness 10000) in paragraph at lines 59--105

 []


Underfull \hbox (badness 10000) in paragraph at lines 59--105

 []


Underfull \hbox (badness 10000) in paragraph at lines 59--105

 []


Underfull \hbox (badness 10000) in paragraph at lines 59--105

 []


Underfull \hbox (badness 1019) in paragraph at lines 59--105
\OT1/cmr/m/n/10 'lightweight meth-ods' gain-ing pop-u-lar-ity. These
 []


Underfull \hbox (badness 10000) in paragraph at lines 59--105

 []


Underfull \hbox (badness 3088) in paragraph at lines 59--105
\OT1/cmr/m/n/10 The wa-ter-fall model has been de-scribed as a
 []


Underfull \hbox (badness 10000) in paragraph at lines 59--105

 []


Underfull \hbox (badness 10000) in paragraph at lines 59--105

 []


Underfull \hbox (badness 3942) in paragraph at lines 59--105
\OT1/cmr/m/n/10 A ma-jor dif-fer-ence be-tween the method-olo-gies
 []


Underfull \hbox (badness 1152) in paragraph at lines 59--105
\OT1/cmr/m/n/10 mod-els like wa-ter-fall. These more heavy-weight
 []

[1{C:/ProgramData/MiKTeX/2.9/pdftex/config/pdftex.map}


] [2

] (assignment1.aux)

LaTeX Warning: Label(s) may have changed. Rerun to get cross-references right.

 ) 
Here is how much of TeX's memory you used:
 426 strings out of 493335
 5265 string characters out of 3136683
 71562 words of memory out of 3000000
 4018 multiletter control sequences out of 15000+200000
 7946 words of font info for 28 fonts, out of 3000000 for 9000
 1142 hyphenation exceptions out of 8191
 29i,8n,22p,432b,219s stack positions out of 5000i,500n,10000p,200000b,50000s
<C:/Program Files (x86)/MiKTeX 2.9/fonts/type1/public/amsfonts/cm/cmbx10.pfb>
<C:/Program Files (x86)/MiKTeX 2.9/fonts/type1/public/amsfonts/cm/cmbx12.pfb><C
:/Program Files (x86)/MiKTeX 2.9/fonts/type1/public/amsfonts/cm/cmr10.pfb><C:/P
rogram Files (x86)/MiKTeX 2.9/fonts/type1/public/amsfonts/cm/cmti10.pfb>
Output written on assignment1.pdf (2 pages, 75077 bytes).
PDF statistics:
 25 PDF objects out of 1000 (max. 8388607)
 0 named destinations out of 1000 (max. 500000)
 1 words of extra memory for PDF output out of 10000 (max. 10000000)

